# RTL_ID 20111300
#
# Events:
#    N - no event
#    E - exception
#    I - interrupt
#    W - wakeup
# =====================================================================================
#             85 ns : Core Reset
# =====================================================================================
# Test: add.hex
#           Time   Ev  Curr_PC    Instr      Next_PC    Reg        Value     
# =====================================================================================
             125   N   xxxxxxxx   00000000   00000240   ---        --------
             155   N   00000240   0000e101   00000244   x10_a0     00000000
             165   N   00000244   00004e01   00000246   ---        --------
             175   N   00000246   00000297   00000248   x28_t3     00000000
             185   N   00000248   fb828293   0000024c   x05_t0     00000248
             195   N   0000024c   30529073   00000250   x05_t0     00000200
             205   N   00000250   00004505   00000254   ---        --------
             215   N   00000254   0000057e   00000256   x10_a0     00000001
             225   N   00000256   00054863   00000258   x10_a0     80000000
             235   N   00000258   0ff0000f   00000268   ---        --------
             265   N   00000268   d9828293   0000026c   x05_t0     00000268
             275   N   0000026c   00028e63   00000270   x05_t0     00000000
             285   N   00000270   10529073   0000028c   ---        --------
             315   N   0000028c   00000297   00000290   ---        --------
             325   N   00000290   00000297   00000290   ---        --------
             335   N   00000290   05028293   00000294   x05_t0     00000290
             345   N   00000294   34129073   00000298   x05_t0     000002e0
             355   N   00000298   f1402573   0000029c   ---        --------
             365   N   0000029c   30200073   000002a0   x10_a0     00000000
             385   N   000002a0   00000000   000002e0   ---        --------
             415   N   000002e0   00004101   000002e2   x01_ra     00000000
             425   N   000002e2   002081b3   000002e4   x02_sp     00000000
             435   N   000002e4   00004e81   000002e8   x03_gp     00000000
             445   N   000002e8   00004e09   000002ea   x29_t4     00000000
             455   N   000002ea   37d19d63   000002ec   x28_t3     00000002
             465   N   000002ec   00004085   000002f0   ---        --------
             475   N   000002f0   00004105   000002f2   x01_ra     00000001
             485   N   000002f2   002081b3   000002f4   x02_sp     00000001
             495   N   000002f4   00004e89   000002f8   x03_gp     00000002
             505   N   000002f8   00004e0d   000002fa   x29_t4     00000002
             515   N   000002fa   37d19563   000002fc   x28_t3     00000003
             525   N   000002fc   0000408d   00000300   ---        --------
             535   N   00000300   0000411d   00000302   x01_ra     00000003
             545   N   00000302   002081b3   00000304   x02_sp     00000007
             555   N   00000304   00004ea9   00000308   x03_gp     0000000a
             565   N   00000308   00004e11   0000030a   x29_t4     0000000a
             575   N   0000030a   35d19d63   0000030c   x28_t3     00000004
             585   N   0000030c   00004081   00000310   ---        --------
             595   N   00000310   ffff8137   00000312   x01_ra     00000000
             605   N   00000312   408181b3   00000316   x02_sp     ffff8000
             625   N   00000316   ffff8eb7   0000031a   x03_gp     ffff8000
             645   N   0000031a   00004e15   0000031e   x29_t4     ffff8000
             655   N   0000031e   35d19363   00000320   x28_t3     00000005
             665   N   00000320   800000b7   00000324   ---        --------
             675   N   00000324   00004101   00000328   x01_ra     80000000
             685   N   00000328   002081b3   0000032a   x02_sp     00000000
             695   N   0000032a   41010eb7   0000032e   x03_gp     80000000
             715   N   0000032e   00004e19   00000332   x29_t4     80000000
             725   N   00000332   33d19963   00000334   x28_t3     00000006
             735   N   00000334   800000b7   00000338   ---        --------
             745   N   00000338   ffff8137   0000033c   x01_ra     80000000
             755   N   0000033c   002081b3   00000340   x02_sp     ffff8000
             765   N   00000340   7fff8eb7   00000344   x03_gp     7fff8000
             775   N   00000344   00004e1d   00000348   x29_t4     7fff8000
             785   N   00000348   31d19e63   0000034a   x28_t3     00000007
             795   N   0000034a   00004081   0000034e   ---        --------
             805   N   0000034e   00008137   00000350   x01_ra     00000000
             815   N   00000350   fff10113   00000354   x02_sp     00008000
             825   N   00000354   002081b3   00000358   x02_sp     00007fff
             835   N   00000358   00008eb7   0000035c   x03_gp     00007fff
             845   N   0000035c   fffe8e93   00000360   x29_t4     00008000
             855   N   00000360   00004e21   00000364   x29_t4     00007fff
             865   N   00000364   31d19063   00000366   x28_t3     00000008
             875   N   00000366   4e2100b7   0000036a   ---        --------
             895   N   0000036a   31d18093   0000036e   x01_ra     80000000
             915   N   0000036e   00004101   00000372   x01_ra     7fffffff
             925   N   00000372   002081b3   00000374   x02_sp     00000000
             935   N   00000374   80000eb7   00000378   x03_gp     7fffffff
             945   N   00000378   fffe8e93   0000037c   x29_t4     80000000
             955   N   0000037c   00004e25   00000380   x29_t4     7fffffff
             965   N   00000380   2fd19263   00000382   x28_t3     00000009
             975   N   00000382   4e2500b7   00000386   ---        --------
             995   N   00000386   2fd18093   0000038a   x01_ra     80000000
            1015   N   0000038a   80008137   0000038e   x01_ra     7fffffff
            1035   N   0000038e   fff00113   00000392   x02_sp     00008000
            1055   N   00000392   000081b3   00000396   x02_sp     00007fff
            1075   N   00000396   fff18eb7   0000039a   x03_gp     80007ffe
            1095   N   0000039a   00208e93   0000039e   x29_t4     80008000
            1115   N   0000039e   00004e29   000003a2   x29_t4     80007ffe
            1125   N   000003a2   2dd19163   000003a4   x28_t3     0000000a
            1135   N   000003a4   800000b7   000003a8   ---        --------
            1145   N   000003a8   00008137   000003ac   x01_ra     80000000
            1155   N   000003ac   fff10113   000003b0   x02_sp     00008000
            1165   N   000003b0   002081b3   000003b4   x02_sp     00007fff
            1175   N   000003b4   80008eb7   000003b8   x03_gp     80007fff
            1185   N   000003b8   fffe8e93   000003bc   x29_t4     80008000
            1195   N   000003bc   00004e2d   000003c0   x29_t4     80007fff
            1205   N   000003c0   2bd19263   000003c2   x28_t3     0000000b
            1215   N   000003c2   4e2d00b7   000003c6   ---        --------
            1235   N   000003c6   2bd18093   000003ca   x01_ra     80000000
            1255   N   000003ca   80008137   000003ce   x01_ra     7fffffff
            1275   N   000003ce   fff081b3   000003d2   x02_sp     ffff8000
            1295   N   000003d2   ffff8eb7   000003d6   x03_gp     7fff7fff
            1315   N   000003d6   00208e93   000003da   x29_t4     7fff8000
            1335   N   000003da   00004e31   000003de   x29_t4     7fff7fff
            1345   N   000003de   29d19363   000003e0   x28_t3     0000000c
            1355   N   000003e0   00004081   000003e4   ---        --------
            1365   N   000003e4   fff00113   000003e6   x01_ra     00000000
            1375   N   000003e6   408181b3   000003ea   x02_sp     ffffffff
            1395   N   000003ea   fff00e93   000003ee   x03_gp     ffffffff
            1415   N   000003ee   00004e35   000003f2   x29_t4     ffffffff
            1425   N   000003f2   27d19963   000003f4   x28_t3     0000000d
            1435   N   000003f4   fff00093   000003f8   ---        --------
            1445   N   000003f8   00004105   000003fc   x01_ra     ffffffff
            1455   N   000003fc   002081b3   000003fe   x02_sp     00000001
            1465   N   000003fe   00004e81   00000402   x03_gp     00000000
            1475   N   00000402   00004e39   00000404   x29_t4     00000000
            1485   N   00000404   27d19063   00000406   x28_t3     0000000e
            1495   N   00000406   4e390093   0000040a   ---        --------
            1515   N   0000040a   27d10113   0000040e   x01_ra     ffffffff
            1535   N   0000040e   fff081b3   00000412   x02_sp     ffffffff
            1555   N   00000412   fff00e93   00000416   x03_gp     fffffffe
            1575   N   00000416   00004e3d   0000041a   x29_t4     fffffffe
            1585   N   0000041a   25d19563   0000041c   x28_t3     0000000f
            1595   N   0000041c   00004085   00000420   ---        --------
            1605   N   00000420   80000137   00000422   x01_ra     00000001
            1615   N   00000422   40850113   00000426   x02_sp     80000000
            1635   N   00000426   800081b3   0000042a   x02_sp     7fffffff
            1655   N   0000042a   fff10eb7   0000042e   x03_gp     80000000
            1675   N   0000042e   00004e41   00000432   x29_t4     80000000
            1685   N   00000432   23d19963   00000434   x28_t3     00000010
            1695   N   00000434   000040b5   00000438   ---        --------
            1705   N   00000438   0000412d   0000043a   x01_ra     0000000d
            1715   N   0000043a   0000908a   0000043c   x02_sp     0000000b
            1725   N   0000043c   00004ee1   0000043e   x01_ra     00000018
            1735   N   0000043e   00004e45   00000440   x29_t4     00000018
            1745   N   00000440   23d09263   00000442   x28_t3     00000011
            1755   N   00000442   000040b9   00000446   ---        --------
            1765   N   00000446   0000412d   00000448   x01_ra     0000000e
            1775   N   00000448   00009106   0000044a   x02_sp     0000000b
            1785   N   0000044a   00004ee5   0000044c   x02_sp     00000019
            1795   N   0000044c   00004e49   0000044e   x29_t4     00000019
            1805   N   0000044e   21d11b63   00000450   x28_t3     00000012
            1815   N   00000450   000040b5   00000454   ---        --------
            1825   N   00000454   00009086   00000456   x01_ra     0000000d
            1835   N   00000456   00004ee9   00000458   x01_ra     0000001a
            1845   N   00000458   00004e4d   0000045a   x29_t4     0000001a
            1855   N   0000045a   21d09563   0000045c   x28_t3     00000013
            1865   N   0000045c   00004201   00000460   ---        --------
            1875   N   00000460   000040b5   00000462   x04_tp     00000000
            1885   N   00000462   0000412d   00000464   x01_ra     0000000d
            1895   N   00000464   002081b3   00000466   x02_sp     0000000b
            1905   N   00000466   412d8313   0000046a   x03_gp     00000018
            1925   N   0000046a   00000205   0000046e   x06_t1     00000018
            1935   N   0000046e   00004289   00000470   x04_tp     00000001
            1945   N   00000470   fe5218e3   00000472   x05_t0     00000002
            1955   N   00000472   00004ee1   00000462   ---        --------
            1985   N   00000462   0000412d   00000464   x01_ra     0000000d
            1995   N   00000464   002081b3   00000466   x02_sp     0000000b
            2005   N   00000466   412d8313   0000046a   x03_gp     00000018
            2025   N   0000046a   00000205   0000046e   x06_t1     00000018
            2035   N   0000046e   00004289   00000470   x04_tp     00000002
            2045   N   00000470   fe5218e3   00000472   x05_t0     00000002
            2055   N   00000472   00004ee1   00000476   ---        --------
            2065   N   00000476   00004e51   00000478   x29_t4     00000018
            2075   N   00000478   1fd31663   0000047a   x28_t3     00000014
            2085   N   0000047a   00004201   0000047e   ---        --------
            2095   N   0000047e   000040b9   00000480   x04_tp     00000000
            2105   N   00000480   0000412d   00000482   x01_ra     0000000e
            2115   N   00000482   002081b3   00000484   x02_sp     0000000b
            2125   N   00000484   00000001   00000488   x03_gp     00000019
            2135   N   00000488   00018313   0000048a   ---        --------
            2145   N   0000048a   00000205   0000048e   x06_t1     00000019
            2155   N   0000048e   00004289   00000490   x04_tp     00000001
            2165   N   00000490   fe5217e3   00000492   x05_t0     00000002
            2175   N   00000492   00004ee5   00000480   ---        --------
            2205   N   00000480   0000412d   00000482   x01_ra     0000000e
            2215   N   00000482   002081b3   00000484   x02_sp     0000000b
            2225   N   00000484   00000001   00000488   x03_gp     00000019
            2235   N   00000488   00018313   0000048a   ---        --------
            2245   N   0000048a   00000205   0000048e   x06_t1     00000019
            2255   N   0000048e   00004289   00000490   x04_tp     00000002
            2265   N   00000490   fe5217e3   00000492   x05_t0     00000002
            2275   N   00000492   00004ee5   00000496   ---        --------
            2285   N   00000496   00004e55   00000498   x29_t4     00000019
            2295   N   00000498   1dd31663   0000049a   x28_t3     00000015
            2305   N   0000049a   00004201   0000049e   ---        --------
            2315   N   0000049e   000040bd   000004a0   x04_tp     00000000
            2325   N   000004a0   0000412d   000004a2   x01_ra     0000000f
            2335   N   000004a2   002081b3   000004a4   x02_sp     0000000b
            2345   N   000004a4   00000001   000004a8   x03_gp     0000001a
            2355   N   000004a8   00000001   000004aa   ---        --------
            2365   N   000004aa   00018313   000004ac   ---        --------
            2375   N   000004ac   00000205   000004b0   x06_t1     0000001a
            2385   N   000004b0   00004289   000004b2   x04_tp     00000001
            2395   N   000004b2   fe5216e3   000004b4   x05_t0     00000002
            2405   N   000004b4   00004ee9   000004a0   ---        --------
            2435   N   000004a0   0000412d   000004a2   x01_ra     0000000f
            2445   N   000004a2   002081b3   000004a4   x02_sp     0000000b
            2455   N   000004a4   00000001   000004a8   x03_gp     0000001a
            2465   N   000004a8   00000001   000004aa   ---        --------
            2475   N   000004aa   00018313   000004ac   ---        --------
            2485   N   000004ac   00000205   000004b0   x06_t1     0000001a
            2495   N   000004b0   00004289   000004b2   x04_tp     00000002
            2505   N   000004b2   fe5216e3   000004b4   x05_t0     00000002
            2515   N   000004b4   00004ee9   000004b8   ---        --------
            2525   N   000004b8   00004e59   000004ba   x29_t4     0000001a
            2535   N   000004ba   1bd31563   000004bc   x28_t3     00000016
            2545   N   000004bc   00004201   000004c0   ---        --------
            2555   N   000004c0   000040b5   000004c2   x04_tp     00000000
            2565   N   000004c2   0000412d   000004c4   x01_ra     0000000d
            2575   N   000004c4   002081b3   000004c6   x02_sp     0000000b
            2585   N   000004c6   00000205   000004ca   x03_gp     00000018
            2595   N   000004ca   00004289   000004cc   x04_tp     00000001
            2605   N   000004cc   fe521ae3   000004ce   x05_t0     00000002
            2615   N   000004ce   00004ee1   000004c2   ---        --------
            2645   N   000004c2   0000412d   000004c4   x01_ra     0000000d
            2655   N   000004c4   002081b3   000004c6   x02_sp     0000000b
            2665   N   000004c6   00000205   000004ca   x03_gp     00000018
            2675   N   000004ca   00004289   000004cc   x04_tp     00000002
            2685   N   000004cc   fe521ae3   000004ce   x05_t0     00000002
            2695   N   000004ce   00004ee1   000004d2   ---        --------
            2705   N   000004d2   00004e5d   000004d4   x29_t4     00000018
            2715   N   000004d4   19d19863   000004d6   x28_t3     00000017
            2725   N   000004d6   00004201   000004da   ---        --------
            2735   N   000004da   000040b9   000004dc   x04_tp     00000000
            2745   N   000004dc   0000412d   000004de   x01_ra     0000000e
            2755   N   000004de   00000001   000004e0   x02_sp     0000000b
            2765   N   000004e0   002081b3   000004e2   ---        --------
            2775   N   000004e2   00000205   000004e6   x03_gp     00000019
            2785   N   000004e6   00004289   000004e8   x04_tp     00000001
            2795   N   000004e8   fe5219e3   000004ea   x05_t0     00000002
            2805   N   000004ea   00004ee5   000004dc   ---        --------
            2835   N   000004dc   0000412d   000004de   x01_ra     0000000e
            2845   N   000004de   00000001   000004e0   x02_sp     0000000b
            2855   N   000004e0   002081b3   000004e2   ---        --------
            2865   N   000004e2   00000205   000004e6   x03_gp     00000019
            2875   N   000004e6   00004289   000004e8   x04_tp     00000002
            2885   N   000004e8   fe5219e3   000004ea   x05_t0     00000002
            2895   N   000004ea   00004ee5   000004ee   ---        --------
            2905   N   000004ee   00004e61   000004f0   x29_t4     00000019
            2915   N   000004f0   17d19a63   000004f2   x28_t3     00000018
            2925   N   000004f2   00004201   000004f6   ---        --------
            2935   N   000004f6   000040bd   000004f8   x04_tp     00000000
            2945   N   000004f8   0000412d   000004fa   x01_ra     0000000f
            2955   N   000004fa   00000001   000004fc   x02_sp     0000000b
            2965   N   000004fc   00000001   000004fe   ---        --------
            2975   N   000004fe   002081b3   00000500   ---        --------
            2985   N   00000500   00000205   00000504   x03_gp     0000001a
            2995   N   00000504   00004289   00000506   x04_tp     00000001
            3005   N   00000506   fe5218e3   00000508   x05_t0     00000002
            3015   N   00000508   00004ee9   000004f8   ---        --------
            3045   N   000004f8   0000412d   000004fa   x01_ra     0000000f
            3055   N   000004fa   00000001   000004fc   x02_sp     0000000b
            3065   N   000004fc   00000001   000004fe   ---        --------
            3075   N   000004fe   002081b3   00000500   ---        --------
            3085   N   00000500   00000205   00000504   x03_gp     0000001a
            3095   N   00000504   00004289   00000506   x04_tp     00000002
            3105   N   00000506   fe5218e3   00000508   x05_t0     00000002
            3115   N   00000508   00004ee9   0000050c   ---        --------
            3125   N   0000050c   00004e65   0000050e   x29_t4     0000001a
            3135   N   0000050e   15d19b63   00000510   x28_t3     00000019
            3145   N   00000510   00004201   00000514   ---        --------
            3155   N   00000514   000040b5   00000516   x04_tp     00000000
            3165   N   00000516   00000001   00000518   x01_ra     0000000d
            3175   N   00000518   0000412d   0000051a   ---        --------
            3185   N   0000051a   002081b3   0000051c   x02_sp     0000000b
            3195   N   0000051c   00000205   00000520   x03_gp     00000018
            3205   N   00000520   00004289   00000522   x04_tp     00000001
            3215   N   00000522   fe5219e3   00000524   x05_t0     00000002
            3225   N   00000524   00004ee1   00000516   ---        --------
            3255   N   00000516   00000001   00000518   x01_ra     0000000d
            3265   N   00000518   0000412d   0000051a   ---        --------
            3275   N   0000051a   002081b3   0000051c   x02_sp     0000000b
            3285   N   0000051c   00000205   00000520   x03_gp     00000018
            3295   N   00000520   00004289   00000522   x04_tp     00000002
            3305   N   00000522   fe5219e3   00000524   x05_t0     00000002
            3315   N   00000524   00004ee1   00000528   ---        --------
            3325   N   00000528   00004e69   0000052a   x29_t4     00000018
            3335   N   0000052a   13d19d63   0000052c   x28_t3     0000001a
            3345   N   0000052c   00004201   00000530   ---        --------
            3355   N   00000530   000040b9   00000532   x04_tp     00000000
            3365   N   00000532   00000001   00000534   x01_ra     0000000e
            3375   N   00000534   0000412d   00000536   ---        --------
            3385   N   00000536   00000001   00000538   x02_sp     0000000b
            3395   N   00000538   002081b3   0000053a   ---        --------
            3405   N   0000053a   00000205   0000053e   x03_gp     00000019
            3415   N   0000053e   00004289   00000540   x04_tp     00000001
            3425   N   00000540   fe5218e3   00000542   x05_t0     00000002
            3435   N   00000542   00004ee5   00000532   ---        --------
            3465   N   00000532   00000001   00000534   x01_ra     0000000e
            3475   N   00000534   0000412d   00000536   ---        --------
            3485   N   00000536   00000001   00000538   x02_sp     0000000b
            3495   N   00000538   002081b3   0000053a   ---        --------
            3505   N   0000053a   00000205   0000053e   x03_gp     00000019
            3515   N   0000053e   00004289   00000540   x04_tp     00000002
            3525   N   00000540   fe5218e3   00000542   x05_t0     00000002
            3535   N   00000542   00004ee5   00000546   ---        --------
            3545   N   00000546   00004e6d   00000548   x29_t4     00000019
            3555   N   00000548   11d19e63   0000054a   x28_t3     0000001b
            3565   N   0000054a   00004201   0000054e   ---        --------
            3575   N   0000054e   000040bd   00000550   x04_tp     00000000
            3585   N   00000550   00000001   00000552   x01_ra     0000000f
            3595   N   00000552   00000001   00000554   ---        --------
            3605   N   00000554   0000412d   00000556   ---        --------
            3615   N   00000556   002081b3   00000558   x02_sp     0000000b
            3625   N   00000558   00000205   0000055c   x03_gp     0000001a
            3635   N   0000055c   00004289   0000055e   x04_tp     00000001
            3645   N   0000055e   fe5218e3   00000560   x05_t0     00000002
            3655   N   00000560   00004ee9   00000550   ---        --------
            3685   N   00000550   00000001   00000552   x01_ra     0000000f
            3695   N   00000552   00000001   00000554   ---        --------
            3705   N   00000554   0000412d   00000556   ---        --------
            3715   N   00000556   002081b3   00000558   x02_sp     0000000b
            3725   N   00000558   00000205   0000055c   x03_gp     0000001a
            3735   N   0000055c   00004289   0000055e   x04_tp     00000002
            3745   N   0000055e   fe5218e3   00000560   x05_t0     00000002
            3755   N   00000560   00004ee9   00000564   ---        --------
            3765   N   00000564   00004e71   00000566   x29_t4     0000001a
            3775   N   00000566   0fd19f63   00000568   x28_t3     0000001c
            3785   N   00000568   00004201   0000056c   ---        --------
            3795   N   0000056c   0000412d   0000056e   x04_tp     00000000
            3805   N   0000056e   000040b5   00000570   x02_sp     0000000b
            3815   N   00000570   002081b3   00000572   x01_ra     0000000d
            3825   N   00000572   00000205   00000576   x03_gp     00000018
            3835   N   00000576   00004289   00000578   x04_tp     00000001
            3845   N   00000578   fe521ae3   0000057a   x05_t0     00000002
            3855   N   0000057a   00004ee1   0000056e   ---        --------
            3885   N   0000056e   000040b5   00000570   x02_sp     0000000b
            3895   N   00000570   002081b3   00000572   x01_ra     0000000d
            3905   N   00000572   00000205   00000576   x03_gp     00000018
            3915   N   00000576   00004289   00000578   x04_tp     00000002
            3925   N   00000578   fe521ae3   0000057a   x05_t0     00000002
            3935   N   0000057a   00004ee1   0000057e   ---        --------
            3945   N   0000057e   00004e75   00000580   x29_t4     00000018
            3955   N   00000580   0fd19263   00000582   x28_t3     0000001d
            3965   N   00000582   00004201   00000586   ---        --------
            3975   N   00000586   0000412d   00000588   x04_tp     00000000
            3985   N   00000588   000040b9   0000058a   x02_sp     0000000b
            3995   N   0000058a   00000001   0000058c   x01_ra     0000000e
            4005   N   0000058c   002081b3   0000058e   ---        --------
            4015   N   0000058e   00000205   00000592   x03_gp     00000019
            4025   N   00000592   00004289   00000594   x04_tp     00000001
            4035   N   00000594   fe5219e3   00000596   x05_t0     00000002
            4045   N   00000596   00004ee5   00000588   ---        --------
            4075   N   00000588   000040b9   0000058a   x02_sp     0000000b
            4085   N   0000058a   00000001   0000058c   x01_ra     0000000e
            4095   N   0000058c   002081b3   0000058e   ---        --------
            4105   N   0000058e   00000205   00000592   x03_gp     00000019
            4115   N   00000592   00004289   00000594   x04_tp     00000002
            4125   N   00000594   fe5219e3   00000596   x05_t0     00000002
            4135   N   00000596   00004ee5   0000059a   ---        --------
            4145   N   0000059a   00004e79   0000059c   x29_t4     00000019
            4155   N   0000059c   0dd19463   0000059e   x28_t3     0000001e
            4165   N   0000059e   00004201   000005a2   ---        --------
            4175   N   000005a2   0000412d   000005a4   x04_tp     00000000
            4185   N   000005a4   000040bd   000005a6   x02_sp     0000000b
            4195   N   000005a6   00000001   000005a8   x01_ra     0000000f
            4205   N   000005a8   00000001   000005aa   ---        --------
            4215   N   000005aa   002081b3   000005ac   ---        --------
            4225   N   000005ac   00000205   000005b0   x03_gp     0000001a
            4235   N   000005b0   00004289   000005b2   x04_tp     00000001
            4245   N   000005b2   fe5218e3   000005b4   x05_t0     00000002
            4255   N   000005b4   00004ee9   000005a4   ---        --------
            4285   N   000005a4   000040bd   000005a6   x02_sp     0000000b
            4295   N   000005a6   00000001   000005a8   x01_ra     0000000f
            4305   N   000005a8   00000001   000005aa   ---        --------
            4315   N   000005aa   002081b3   000005ac   ---        --------
            4325   N   000005ac   00000205   000005b0   x03_gp     0000001a
            4335   N   000005b0   00004289   000005b2   x04_tp     00000002
            4345   N   000005b2   fe5218e3   000005b4   x05_t0     00000002
            4355   N   000005b4   00004ee9   000005b8   ---        --------
            4365   N   000005b8   00004e7d   000005ba   x29_t4     0000001a
            4375   N   000005ba   0bd19563   000005bc   x28_t3     0000001f
            4385   N   000005bc   00004201   000005c0   ---        --------
            4395   N   000005c0   0000412d   000005c2   x04_tp     00000000
            4405   N   000005c2   00000001   000005c4   x02_sp     0000000b
            4415   N   000005c4   000040b5   000005c6   ---        --------
            4425   N   000005c6   002081b3   000005c8   x01_ra     0000000d
            4435   N   000005c8   00000205   000005cc   x03_gp     00000018
            4445   N   000005cc   00004289   000005ce   x04_tp     00000001
            4455   N   000005ce   fe5219e3   000005d0   x05_t0     00000002
            4465   N   000005d0   00004ee1   000005c2   ---        --------
            4495   N   000005c2   00000001   000005c4   x02_sp     0000000b
            4505   N   000005c4   000040b5   000005c6   ---        --------
            4515   N   000005c6   002081b3   000005c8   x01_ra     0000000d
            4525   N   000005c8   00000205   000005cc   x03_gp     00000018
            4535   N   000005cc   00004289   000005ce   x04_tp     00000002
            4545   N   000005ce   fe5219e3   000005d0   x05_t0     00000002
            4555   N   000005d0   00004ee1   000005d4   ---        --------
            4565   N   000005d4   02000e13   000005d6   x29_t4     00000018
            4575   N   000005d6   4ee19663   000005da   x28_t3     00000020
            4595   N   000005da   00004201   000005de   ---        --------
            4605   N   000005de   0000412d   000005e0   x04_tp     00000000
            4615   N   000005e0   00000001   000005e2   x02_sp     0000000b
            4625   N   000005e2   000040b9   000005e4   ---        --------
            4635   N   000005e4   00000001   000005e6   x01_ra     0000000e
            4645   N   000005e6   002081b3   000005e8   ---        --------
            4655   N   000005e8   00000205   000005ec   x03_gp     00000019
            4665   N   000005ec   00004289   000005ee   x04_tp     00000001
            4675   N   000005ee   fe5218e3   000005f0   x05_t0     00000002
            4685   N   000005f0   00004ee5   000005e0   ---        --------
            4715   N   000005e0   00000001   000005e2   x02_sp     0000000b
            4725   N   000005e2   000040b9   000005e4   ---        --------
            4735   N   000005e4   00000001   000005e6   x01_ra     0000000e
            4745   N   000005e6   002081b3   000005e8   ---        --------
            4755   N   000005e8   00000205   000005ec   x03_gp     00000019
            4765   N   000005ec   00004289   000005ee   x04_tp     00000002
            4775   N   000005ee   fe5218e3   000005f0   x05_t0     00000002
            4785   N   000005f0   00004ee5   000005f4   ---        --------
            4795   N   000005f4   02100e13   000005f6   x29_t4     00000019
            4805   N   000005f6   4ee59663   000005fa   x28_t3     00000021
            4825   N   000005fa   00004201   000005fe   ---        --------
            4835   N   000005fe   0000412d   00000600   x04_tp     00000000
            4845   N   00000600   00000001   00000602   x02_sp     0000000b
            4855   N   00000602   00000001   00000604   ---        --------
            4865   N   00000604   000040bd   00000606   ---        --------
            4875   N   00000606   002081b3   00000608   x01_ra     0000000f
            4885   N   00000608   00000205   0000060c   x03_gp     0000001a
            4895   N   0000060c   00004289   0000060e   x04_tp     00000001
            4905   N   0000060e   fe5218e3   00000610   x05_t0     00000002
            4915   N   00000610   00004ee9   00000600   ---        --------
            4945   N   00000600   00000001   00000602   x02_sp     0000000b
            4955   N   00000602   00000001   00000604   ---        --------
            4965   N   00000604   000040bd   00000606   ---        --------
            4975   N   00000606   002081b3   00000608   x01_ra     0000000f
            4985   N   00000608   00000205   0000060c   x03_gp     0000001a
            4995   N   0000060c   00004289   0000060e   x04_tp     00000002
            5005   N   0000060e   fe5218e3   00000610   x05_t0     00000002
            5015   N   00000610   00004ee9   00000614   ---        --------
            5025   N   00000614   02200e13   00000616   x29_t4     0000001a
            5035   N   00000616   4ee99663   0000061a   x28_t3     00000022
            5055   N   0000061a   000040bd   0000061e   ---        --------
            5065   N   0000061e   00100133   00000620   x01_ra     0000000f
            5075   N   00000620   00004ebd   00000624   x02_sp     0000000f
            5085   N   00000624   02300e13   00000626   x29_t4     0000000f
            5095   N   00000626   4ebd1e63   0000062a   x28_t3     00000023
            5115   N   0000062a   02300093   0000062e   ---        --------
            5135   N   0000062e   03d18133   00000632   x01_ra     00000020
            5155   N   00000632   02000e93   00000636   x02_sp     00000020
            5175   N   00000636   00000e13   0000063a   x29_t4     00000020
            5195   N   0000063a   02001463   0000063e   x28_t3     00000024
            5215   N   0000063e   024000b3   00000642   ---        --------
            5235   N   00000642   00004e81   00000646   x01_ra     00000000
            5245   N   00000646   02500e13   00000648   x29_t4     00000000
            5255   N   00000648   01d09d63   0000064c   x28_t3     00000025
            5265   N   0000064c   000040c1   00000650   ---        --------
            5275   N   00000650   00004179   00000652   x01_ra     00000010
            5285   N   00000652   00208033   00000654   x02_sp     0000001e
            5295   N   00000654   00004e81   00000658   ---        --------
            5305   N   00000658   02600e13   0000065a   x29_t4     00000000
            5315   N   0000065a   4e811463   0000065e   x28_t3     00000026
            5335   N   0000065e   02601863   00000662   ---        --------
            5355   N   00000662   01d0000f   00000672   ---        --------
            5395   N   00000672   000085f2   00000676   ---        --------
            5405   N   00000676   00004501   00000678   x11_a1     00000026
            5415   N   00000678   00000073   0000067a   x10_a0     00000000
            5425   E   0000067a   45010073   00000200   mstatus    00001800
            5425   E   0000067a   45010073   00000200   mepc       0000067a
            5425   E   0000067a   45010073   00000200   mcause     0000000b
            5425   E   0000067a   45010073   00000200   mtval      00000000
            5455   N   00000200   000047a1   00000204   x14_a4     0000000b
            5465   N   00000204   02f70463   00000206   x15_a5     00000008
            5475   N   00000206   000047a5   0000020a   ---        --------
            5485   N   0000020a   02f70163   0000020c   x15_a5     00000009
            5495   N   0000020c   000047ad   00000210   ---        --------
            5505   N   00000210   00f70e63   00000212   x15_a5     0000000b
            5515   N   00000212   47ad0717   0000022e   ---        --------
            5555   N   0000022e   07170013   000006a0   ---        --------
            5585   N   000006a0   a5428293   000006a4   x05_t0     000006a0
            5595   N   000006a4   00008282   000006a8   x05_t0     000000f4
            5605   N   000006a8   00000013   000000f4   ---        --------
            5635   N   000000f4   0000006f   000000f8   ---        --------
